21-02-22 14:21:33 [INFO] Root WebApplicationContext: initialization started
21-02-22 14:21:36 [INFO] Root WebApplicationContext initialized in 3206 ms
21-02-22 14:21:36 [INFO] Initializing Servlet 'appServlet'
21-02-22 14:21:41 [INFO] Completed initialization in 4595 ms
21-02-22 14:22:00 [DEBUG] [Start] : BoardServiceImpl - selectDBFileList()
21-02-22 14:22:00 [DEBUG] [parameter] : []
21-02-22 14:22:00 [DEBUG] [ip] : Spring Scheduler
21-02-22 14:22:00 [DEBUG] ------------------- Service 수행 -------------------
21-02-22 14:22:02 [DEBUG] [Return Value] : [210215101508_64919.png, 210215101552_91355.jpg, 210209165130_15622.jpg, 210209165130_62086.jpg, 210217101143_40894.png, 210217113048_67738.jpg, 210217113048_64976.png, 210217124843_28023.png, 210217124753_03368.png, 210217124801_34063.jpg, 210217124809_71658.jpg, 210217124818_12788.jpg, 210217124834_54731.jpg, 210217141528_35389.jpg, 210217141526_73325.png, 210218103447_40489.png]
21-02-22 14:22:02 [DEBUG] [Running Time] : 1951ms

21-02-22 14:22:02 [DEBUG] 로그인 화면으로 전환됨(debug)
21-02-22 14:22:02 [INFO] 로그인 화면으로 전환됨(info)
21-02-22 14:22:08 [DEBUG] [Start] : MemberServiceImpl - loginAction()
21-02-22 14:22:08 [DEBUG] [parameter] : [Member [memberNo=0, memberId=user02, memberPwd=123123, memberName=null, memberPhone=null, memberEmail=null, memberAddress=null, memberInterest=null, memberEnrollDate=null, memberStatus=null, memberGrade=null]]
21-02-22 14:22:08 [DEBUG] [ip] : 0:0:0:0:0:0:0:1
21-02-22 14:22:08 [DEBUG] ------------------- Service 수행 -------------------
21-02-22 14:22:08 [DEBUG] [Return Value] : Member [memberNo=9, memberId=user02, memberPwd=null, memberName=유저이, memberPhone=019-2222-2222, memberEmail=2222@222.222, memberAddress=04540,서울특별시 중구 남대문로 120,KH 정보교육원 2층 A강의장, memberInterest=운동,영화,음악,게임, memberEnrollDate=2021-02-05, memberStatus=Y, memberGrade=G]
21-02-22 14:22:08 [DEBUG] [Running Time] : 115ms

21-02-22 14:22:17 [DEBUG] [Start] : BoardServiceImpl - getPageInfo()
21-02-22 14:22:17 [DEBUG] [parameter] : [1, 1]
21-02-22 14:22:17 [DEBUG] [ip] : 0:0:0:0:0:0:0:1
21-02-22 14:22:17 [DEBUG] [id] : user02
21-02-22 14:22:17 [DEBUG] ------------------- Service 수행 -------------------
21-02-22 14:22:17 [DEBUG] [Return Value] : PageInfo [currentPage=1, listCount=505, limit=10, pageSize=10, maxPage=51, startPage=1, endPage=10, boardType=1]
21-02-22 14:22:17 [DEBUG] [Running Time] : 4ms

21-02-22 14:22:17 [DEBUG] [Start] : BoardServiceImpl - selectList()
21-02-22 14:22:17 [DEBUG] [parameter] : [PageInfo [currentPage=1, listCount=505, limit=10, pageSize=10, maxPage=51, startPage=1, endPage=10, boardType=1]]
21-02-22 14:22:17 [DEBUG] [ip] : 0:0:0:0:0:0:0:1
21-02-22 14:22:17 [DEBUG] [id] : user02
21-02-22 14:22:17 [DEBUG] ------------------- Service 수행 -------------------
21-02-22 14:22:17 [DEBUG] [Return Value] : [Board [boardNo=525, boardTitle=ㄴㅇㅁㄹ, boardContent=null, memberId=user02, readCount=2, categoryName=운동, boardCreateDate=2021-02-17 11:30:48.0, boardModifyDate=null, boardStatus=null, boardCode=0, boardName=자유게시판], Board [boardNo=504, boardTitle=파일 삽입 테스트 테스트, boardContent=null, memberId=user02, readCount=47, categoryName=운동, boardCreateDate=2021-02-09 16:51:30.0, boardModifyDate=null, boardStatus=null, boardCode=0, boardName=자유게시판], Board [boardNo=503, boardTitle=파일 업로드 테스트, boardContent=null, memberId=user02, readCount=1, categoryName=운동, boardCreateDate=2021-02-09 14:46:12.0, boardModifyDate=null, boardStatus=null, boardCode=0, boardName=자유게시판], Board [boardNo=502, boardTitle=개행문자 테스트데쑤, boardContent=null, memberId=user02, readCount=1, categoryName=게임, boardCreateDate=2021-02-09 12:36:41.0, boardModifyDate=null, boardStatus=null, boardCode=0, boardName=자유게시판], Board [boardNo=501, boardTitle=테스트데수, boardContent=null, memberId=user02, readCount=2, categoryName=운동, boardCreateDate=2021-02-09 12:21:45.0, boardModifyDate=null, boardStatus=null, boardCode=0, boardName=자유게시판], Board [boardNo=500, boardTitle=500번째 게시글, boardContent=null, memberId=admin, readCount=10, categoryName=운동, boardCreateDate=2021-02-08 10:39:30.0, boardModifyDate=null, boardStatus=null, boardCode=0, boardName=자유게시판], Board [boardNo=499, boardTitle=499번째 게시글, boardContent=null, memberId=admin, readCount=0, categoryName=영화, boardCreateDate=2021-02-08 10:39:30.0, boardModifyDate=null, boardStatus=null, boardCode=0, boardName=자유게시판], Board [boardNo=498, boardTitle=498번째 게시글, boardContent=null, memberId=admin, readCount=0, categoryName=운동, boardCreateDate=2021-02-08 10:39:30.0, boardModifyDate=null, boardStatus=null, boardCode=0, boardName=자유게시판], Board [boardNo=497, boardTitle=497번째 게시글, boardContent=null, memberId=admin, readCount=1, categoryName=기타, boardCreateDate=2021-02-08 10:39:30.0, boardModifyDate=null, boardStatus=null, boardCode=0, boardName=자유게시판], Board [boardNo=496, boardTitle=496번째 게시글, boardContent=null, memberId=admin, readCount=0, categoryName=음악, boardCreateDate=2021-02-08 10:39:30.0, boardModifyDate=null, boardStatus=null, boardCode=0, boardName=자유게시판]]
21-02-22 14:22:17 [DEBUG] [Running Time] : 5ms

21-02-22 14:22:17 [DEBUG] [Start] : BoardServiceImpl - selectThumbnailList()
21-02-22 14:22:17 [DEBUG] [parameter] : [[Board [boardNo=525, boardTitle=ㄴㅇㅁㄹ, boardContent=null, memberId=user02, readCount=2, categoryName=운동, boardCreateDate=2021-02-17 11:30:48.0, boardModifyDate=null, boardStatus=null, boardCode=0, boardName=자유게시판], Board [boardNo=504, boardTitle=파일 삽입 테스트 테스트, boardContent=null, memberId=user02, readCount=47, categoryName=운동, boardCreateDate=2021-02-09 16:51:30.0, boardModifyDate=null, boardStatus=null, boardCode=0, boardName=자유게시판], Board [boardNo=503, boardTitle=파일 업로드 테스트, boardContent=null, memberId=user02, readCount=1, categoryName=운동, boardCreateDate=2021-02-09 14:46:12.0, boardModifyDate=null, boardStatus=null, boardCode=0, boardName=자유게시판], Board [boardNo=502, boardTitle=개행문자 테스트데쑤, boardContent=null, memberId=user02, readCount=1, categoryName=게임, boardCreateDate=2021-02-09 12:36:41.0, boardModifyDate=null, boardStatus=null, boardCode=0, boardName=자유게시판], Board [boardNo=501, boardTitle=테스트데수, boardContent=null, memberId=user02, readCount=2, categoryName=운동, boardCreateDate=2021-02-09 12:21:45.0, boardModifyDate=null, boardStatus=null, boardCode=0, boardName=자유게시판], Board [boardNo=500, boardTitle=500번째 게시글, boardContent=null, memberId=admin, readCount=10, categoryName=운동, boardCreateDate=2021-02-08 10:39:30.0, boardModifyDate=null, boardStatus=null, boardCode=0, boardName=자유게시판], Board [boardNo=499, boardTitle=499번째 게시글, boardContent=null, memberId=admin, readCount=0, categoryName=영화, boardCreateDate=2021-02-08 10:39:30.0, boardModifyDate=null, boardStatus=null, boardCode=0, boardName=자유게시판], Board [boardNo=498, boardTitle=498번째 게시글, boardContent=null, memberId=admin, readCount=0, categoryName=운동, boardCreateDate=2021-02-08 10:39:30.0, boardModifyDate=null, boardStatus=null, boardCode=0, boardName=자유게시판], Board [boardNo=497, boardTitle=497번째 게시글, boardContent=null, memberId=admin, readCount=1, categoryName=기타, boardCreateDate=2021-02-08 10:39:30.0, boardModifyDate=null, boardStatus=null, boardCode=0, boardName=자유게시판], Board [boardNo=496, boardTitle=496번째 게시글, boardContent=null, memberId=admin, readCount=0, categoryName=음악, boardCreateDate=2021-02-08 10:39:30.0, boardModifyDate=null, boardStatus=null, boardCode=0, boardName=자유게시판]]]
21-02-22 14:22:17 [DEBUG] [ip] : 0:0:0:0:0:0:0:1
21-02-22 14:22:17 [DEBUG] [id] : user02
21-02-22 14:22:17 [DEBUG] ------------------- Service 수행 -------------------
21-02-22 14:22:17 [DEBUG] [Return Value] : [Attachment [fileNo=21, filePath=/resources/uploadImages, fileName=210215101552_91355.jpg, fileLevel=0, parentBoardNo=504], Attachment [fileNo=23, filePath=/resources/uploadImages, fileName=210217113048_67738.jpg, fileLevel=0, parentBoardNo=525]]
21-02-22 14:22:17 [DEBUG] [Running Time] : 108ms

21-02-22 14:23:00 [DEBUG] [Start] : BoardServiceImpl - selectDBFileList()
21-02-22 14:23:00 [DEBUG] [parameter] : []
21-02-22 14:23:00 [DEBUG] [ip] : Spring Scheduler
21-02-22 14:23:00 [DEBUG] ------------------- Service 수행 -------------------
21-02-22 14:23:00 [DEBUG] [Return Value] : [210215101508_64919.png, 210215101552_91355.jpg, 210209165130_15622.jpg, 210209165130_62086.jpg, 210217101143_40894.png, 210217113048_67738.jpg, 210217113048_64976.png, 210217124843_28023.png, 210217124753_03368.png, 210217124801_34063.jpg, 210217124809_71658.jpg, 210217124818_12788.jpg, 210217124834_54731.jpg, 210217141528_35389.jpg, 210217141526_73325.png, 210218103447_40489.png]
21-02-22 14:23:00 [DEBUG] [Running Time] : 2ms

21-02-22 14:23:07 [DEBUG] [Start] : BoardServiceImpl - selectBoard()
21-02-22 14:23:07 [DEBUG] [parameter] : [502, 1]
21-02-22 14:23:07 [DEBUG] [ip] : 0:0:0:0:0:0:0:1
21-02-22 14:23:07 [DEBUG] [id] : user02
21-02-22 14:23:07 [DEBUG] ------------------- Service 수행 -------------------
21-02-22 14:23:07 [DEBUG] [Return Value] : Board [boardNo=502, boardTitle=개행문자 테스트데쑤, boardContent=1
1
2
433
43
4
3
개
행
ㅋ
ㅋ
, memberId=user02, readCount=2, categoryName=게임, boardCreateDate=2021-02-09 12:36:41.0, boardModifyDate=2021-02-09 12:36:41.0, boardStatus=null, boardCode=1, boardName=자유게시판]
21-02-22 14:23:07 [DEBUG] [Running Time] : 22ms

21-02-22 14:23:07 [DEBUG] [Start] : BoardServiceImpl - selectAttachmentList()
21-02-22 14:23:07 [DEBUG] [parameter] : [502]
21-02-22 14:23:07 [DEBUG] [ip] : 0:0:0:0:0:0:0:1
21-02-22 14:23:07 [DEBUG] [id] : user02
21-02-22 14:23:07 [DEBUG] ------------------- Service 수행 -------------------
21-02-22 14:23:07 [DEBUG] [Return Value] : []
21-02-22 14:23:07 [DEBUG] [Running Time] : 2ms

21-02-22 14:23:13 [DEBUG] [Start] : BoardServiceImpl - getPageInfo()
21-02-22 14:23:13 [DEBUG] [parameter] : [1, 1]
21-02-22 14:23:13 [DEBUG] [ip] : 0:0:0:0:0:0:0:1
21-02-22 14:23:13 [DEBUG] [id] : user02
21-02-22 14:23:13 [DEBUG] ------------------- Service 수행 -------------------
21-02-22 14:23:13 [DEBUG] [Return Value] : PageInfo [currentPage=1, listCount=505, limit=10, pageSize=10, maxPage=51, startPage=1, endPage=10, boardType=1]
21-02-22 14:23:13 [DEBUG] [Running Time] : 1ms

21-02-22 14:23:13 [DEBUG] [Start] : BoardServiceImpl - selectList()
21-02-22 14:23:13 [DEBUG] [parameter] : [PageInfo [currentPage=1, listCount=505, limit=10, pageSize=10, maxPage=51, startPage=1, endPage=10, boardType=1]]
21-02-22 14:23:13 [DEBUG] [ip] : 0:0:0:0:0:0:0:1
21-02-22 14:23:13 [DEBUG] [id] : user02
21-02-22 14:23:13 [DEBUG] ------------------- Service 수행 -------------------
21-02-22 14:23:13 [DEBUG] [Return Value] : [Board [boardNo=525, boardTitle=ㄴㅇㅁㄹ, boardContent=null, memberId=user02, readCount=2, categoryName=운동, boardCreateDate=2021-02-17 11:30:48.0, boardModifyDate=null, boardStatus=null, boardCode=0, boardName=자유게시판], Board [boardNo=504, boardTitle=파일 삽입 테스트 테스트, boardContent=null, memberId=user02, readCount=47, categoryName=운동, boardCreateDate=2021-02-09 16:51:30.0, boardModifyDate=null, boardStatus=null, boardCode=0, boardName=자유게시판], Board [boardNo=503, boardTitle=파일 업로드 테스트, boardContent=null, memberId=user02, readCount=1, categoryName=운동, boardCreateDate=2021-02-09 14:46:12.0, boardModifyDate=null, boardStatus=null, boardCode=0, boardName=자유게시판], Board [boardNo=502, boardTitle=개행문자 테스트데쑤, boardContent=null, memberId=user02, readCount=2, categoryName=게임, boardCreateDate=2021-02-09 12:36:41.0, boardModifyDate=null, boardStatus=null, boardCode=0, boardName=자유게시판], Board [boardNo=501, boardTitle=테스트데수, boardContent=null, memberId=user02, readCount=2, categoryName=운동, boardCreateDate=2021-02-09 12:21:45.0, boardModifyDate=null, boardStatus=null, boardCode=0, boardName=자유게시판], Board [boardNo=500, boardTitle=500번째 게시글, boardContent=null, memberId=admin, readCount=10, categoryName=운동, boardCreateDate=2021-02-08 10:39:30.0, boardModifyDate=null, boardStatus=null, boardCode=0, boardName=자유게시판], Board [boardNo=499, boardTitle=499번째 게시글, boardContent=null, memberId=admin, readCount=0, categoryName=영화, boardCreateDate=2021-02-08 10:39:30.0, boardModifyDate=null, boardStatus=null, boardCode=0, boardName=자유게시판], Board [boardNo=498, boardTitle=498번째 게시글, boardContent=null, memberId=admin, readCount=0, categoryName=운동, boardCreateDate=2021-02-08 10:39:30.0, boardModifyDate=null, boardStatus=null, boardCode=0, boardName=자유게시판], Board [boardNo=497, boardTitle=497번째 게시글, boardContent=null, memberId=admin, readCount=1, categoryName=기타, boardCreateDate=2021-02-08 10:39:30.0, boardModifyDate=null, boardStatus=null, boardCode=0, boardName=자유게시판], Board [boardNo=496, boardTitle=496번째 게시글, boardContent=null, memberId=admin, readCount=0, categoryName=음악, boardCreateDate=2021-02-08 10:39:30.0, boardModifyDate=null, boardStatus=null, boardCode=0, boardName=자유게시판]]
21-02-22 14:23:13 [DEBUG] [Running Time] : 4ms

21-02-22 14:23:13 [DEBUG] [Start] : BoardServiceImpl - selectThumbnailList()
21-02-22 14:23:13 [DEBUG] [parameter] : [[Board [boardNo=525, boardTitle=ㄴㅇㅁㄹ, boardContent=null, memberId=user02, readCount=2, categoryName=운동, boardCreateDate=2021-02-17 11:30:48.0, boardModifyDate=null, boardStatus=null, boardCode=0, boardName=자유게시판], Board [boardNo=504, boardTitle=파일 삽입 테스트 테스트, boardContent=null, memberId=user02, readCount=47, categoryName=운동, boardCreateDate=2021-02-09 16:51:30.0, boardModifyDate=null, boardStatus=null, boardCode=0, boardName=자유게시판], Board [boardNo=503, boardTitle=파일 업로드 테스트, boardContent=null, memberId=user02, readCount=1, categoryName=운동, boardCreateDate=2021-02-09 14:46:12.0, boardModifyDate=null, boardStatus=null, boardCode=0, boardName=자유게시판], Board [boardNo=502, boardTitle=개행문자 테스트데쑤, boardContent=null, memberId=user02, readCount=2, categoryName=게임, boardCreateDate=2021-02-09 12:36:41.0, boardModifyDate=null, boardStatus=null, boardCode=0, boardName=자유게시판], Board [boardNo=501, boardTitle=테스트데수, boardContent=null, memberId=user02, readCount=2, categoryName=운동, boardCreateDate=2021-02-09 12:21:45.0, boardModifyDate=null, boardStatus=null, boardCode=0, boardName=자유게시판], Board [boardNo=500, boardTitle=500번째 게시글, boardContent=null, memberId=admin, readCount=10, categoryName=운동, boardCreateDate=2021-02-08 10:39:30.0, boardModifyDate=null, boardStatus=null, boardCode=0, boardName=자유게시판], Board [boardNo=499, boardTitle=499번째 게시글, boardContent=null, memberId=admin, readCount=0, categoryName=영화, boardCreateDate=2021-02-08 10:39:30.0, boardModifyDate=null, boardStatus=null, boardCode=0, boardName=자유게시판], Board [boardNo=498, boardTitle=498번째 게시글, boardContent=null, memberId=admin, readCount=0, categoryName=운동, boardCreateDate=2021-02-08 10:39:30.0, boardModifyDate=null, boardStatus=null, boardCode=0, boardName=자유게시판], Board [boardNo=497, boardTitle=497번째 게시글, boardContent=null, memberId=admin, readCount=1, categoryName=기타, boardCreateDate=2021-02-08 10:39:30.0, boardModifyDate=null, boardStatus=null, boardCode=0, boardName=자유게시판], Board [boardNo=496, boardTitle=496번째 게시글, boardContent=null, memberId=admin, readCount=0, categoryName=음악, boardCreateDate=2021-02-08 10:39:30.0, boardModifyDate=null, boardStatus=null, boardCode=0, boardName=자유게시판]]]
21-02-22 14:23:13 [DEBUG] [ip] : 0:0:0:0:0:0:0:1
21-02-22 14:23:13 [DEBUG] [id] : user02
21-02-22 14:23:13 [DEBUG] ------------------- Service 수행 -------------------
21-02-22 14:23:13 [DEBUG] [Return Value] : [Attachment [fileNo=21, filePath=/resources/uploadImages, fileName=210215101552_91355.jpg, fileLevel=0, parentBoardNo=504], Attachment [fileNo=23, filePath=/resources/uploadImages, fileName=210217113048_67738.jpg, fileLevel=0, parentBoardNo=525]]
21-02-22 14:23:13 [DEBUG] [Running Time] : 2ms

21-02-22 14:23:13 [DEBUG] [Start] : BoardServiceImpl - selectBoard()
21-02-22 14:23:13 [DEBUG] [parameter] : [525, 1]
21-02-22 14:23:13 [DEBUG] [ip] : 0:0:0:0:0:0:0:1
21-02-22 14:23:13 [DEBUG] [id] : user02
21-02-22 14:23:13 [DEBUG] ------------------- Service 수행 -------------------
21-02-22 14:23:13 [DEBUG] [Return Value] : Board [boardNo=525, boardTitle=ㄴㅇㅁㄹ, boardContent=ㄴㅁㅇㄹ, memberId=user02, readCount=3, categoryName=운동, boardCreateDate=2021-02-17 11:30:48.0, boardModifyDate=2021-02-17 11:30:48.0, boardStatus=null, boardCode=1, boardName=자유게시판]
21-02-22 14:23:13 [DEBUG] [Running Time] : 2ms

21-02-22 14:23:13 [DEBUG] [Start] : BoardServiceImpl - selectAttachmentList()
21-02-22 14:23:13 [DEBUG] [parameter] : [525]
21-02-22 14:23:13 [DEBUG] [ip] : 0:0:0:0:0:0:0:1
21-02-22 14:23:13 [DEBUG] [id] : user02
21-02-22 14:23:13 [DEBUG] ------------------- Service 수행 -------------------
21-02-22 14:23:13 [DEBUG] [Return Value] : [Attachment [fileNo=23, filePath=/resources/uploadImages, fileName=210217113048_67738.jpg, fileLevel=0, parentBoardNo=525], Attachment [fileNo=24, filePath=/resources/uploadImages, fileName=210217113048_64976.png, fileLevel=1, parentBoardNo=525]]
21-02-22 14:23:13 [DEBUG] [Running Time] : 2ms

21-02-22 14:23:16 [DEBUG] [Start] : BoardServiceImpl - getPageInfo()
21-02-22 14:23:16 [DEBUG] [parameter] : [1, 1]
21-02-22 14:23:16 [DEBUG] [ip] : 0:0:0:0:0:0:0:1
21-02-22 14:23:16 [DEBUG] [id] : user02
21-02-22 14:23:16 [DEBUG] ------------------- Service 수행 -------------------
21-02-22 14:23:16 [DEBUG] [Return Value] : PageInfo [currentPage=1, listCount=505, limit=10, pageSize=10, maxPage=51, startPage=1, endPage=10, boardType=1]
21-02-22 14:23:16 [DEBUG] [Running Time] : 2ms

21-02-22 14:23:16 [DEBUG] [Start] : BoardServiceImpl - selectList()
21-02-22 14:23:16 [DEBUG] [parameter] : [PageInfo [currentPage=1, listCount=505, limit=10, pageSize=10, maxPage=51, startPage=1, endPage=10, boardType=1]]
21-02-22 14:23:16 [DEBUG] [ip] : 0:0:0:0:0:0:0:1
21-02-22 14:23:16 [DEBUG] [id] : user02
21-02-22 14:23:16 [DEBUG] ------------------- Service 수행 -------------------
21-02-22 14:23:16 [DEBUG] [Return Value] : [Board [boardNo=525, boardTitle=ㄴㅇㅁㄹ, boardContent=null, memberId=user02, readCount=3, categoryName=운동, boardCreateDate=2021-02-17 11:30:48.0, boardModifyDate=null, boardStatus=null, boardCode=0, boardName=자유게시판], Board [boardNo=504, boardTitle=파일 삽입 테스트 테스트, boardContent=null, memberId=user02, readCount=47, categoryName=운동, boardCreateDate=2021-02-09 16:51:30.0, boardModifyDate=null, boardStatus=null, boardCode=0, boardName=자유게시판], Board [boardNo=503, boardTitle=파일 업로드 테스트, boardContent=null, memberId=user02, readCount=1, categoryName=운동, boardCreateDate=2021-02-09 14:46:12.0, boardModifyDate=null, boardStatus=null, boardCode=0, boardName=자유게시판], Board [boardNo=502, boardTitle=개행문자 테스트데쑤, boardContent=null, memberId=user02, readCount=2, categoryName=게임, boardCreateDate=2021-02-09 12:36:41.0, boardModifyDate=null, boardStatus=null, boardCode=0, boardName=자유게시판], Board [boardNo=501, boardTitle=테스트데수, boardContent=null, memberId=user02, readCount=2, categoryName=운동, boardCreateDate=2021-02-09 12:21:45.0, boardModifyDate=null, boardStatus=null, boardCode=0, boardName=자유게시판], Board [boardNo=500, boardTitle=500번째 게시글, boardContent=null, memberId=admin, readCount=10, categoryName=운동, boardCreateDate=2021-02-08 10:39:30.0, boardModifyDate=null, boardStatus=null, boardCode=0, boardName=자유게시판], Board [boardNo=499, boardTitle=499번째 게시글, boardContent=null, memberId=admin, readCount=0, categoryName=영화, boardCreateDate=2021-02-08 10:39:30.0, boardModifyDate=null, boardStatus=null, boardCode=0, boardName=자유게시판], Board [boardNo=498, boardTitle=498번째 게시글, boardContent=null, memberId=admin, readCount=0, categoryName=운동, boardCreateDate=2021-02-08 10:39:30.0, boardModifyDate=null, boardStatus=null, boardCode=0, boardName=자유게시판], Board [boardNo=497, boardTitle=497번째 게시글, boardContent=null, memberId=admin, readCount=1, categoryName=기타, boardCreateDate=2021-02-08 10:39:30.0, boardModifyDate=null, boardStatus=null, boardCode=0, boardName=자유게시판], Board [boardNo=496, boardTitle=496번째 게시글, boardContent=null, memberId=admin, readCount=0, categoryName=음악, boardCreateDate=2021-02-08 10:39:30.0, boardModifyDate=null, boardStatus=null, boardCode=0, boardName=자유게시판]]
21-02-22 14:23:16 [DEBUG] [Running Time] : 3ms

21-02-22 14:23:16 [DEBUG] [Start] : BoardServiceImpl - selectThumbnailList()
21-02-22 14:23:16 [DEBUG] [parameter] : [[Board [boardNo=525, boardTitle=ㄴㅇㅁㄹ, boardContent=null, memberId=user02, readCount=3, categoryName=운동, boardCreateDate=2021-02-17 11:30:48.0, boardModifyDate=null, boardStatus=null, boardCode=0, boardName=자유게시판], Board [boardNo=504, boardTitle=파일 삽입 테스트 테스트, boardContent=null, memberId=user02, readCount=47, categoryName=운동, boardCreateDate=2021-02-09 16:51:30.0, boardModifyDate=null, boardStatus=null, boardCode=0, boardName=자유게시판], Board [boardNo=503, boardTitle=파일 업로드 테스트, boardContent=null, memberId=user02, readCount=1, categoryName=운동, boardCreateDate=2021-02-09 14:46:12.0, boardModifyDate=null, boardStatus=null, boardCode=0, boardName=자유게시판], Board [boardNo=502, boardTitle=개행문자 테스트데쑤, boardContent=null, memberId=user02, readCount=2, categoryName=게임, boardCreateDate=2021-02-09 12:36:41.0, boardModifyDate=null, boardStatus=null, boardCode=0, boardName=자유게시판], Board [boardNo=501, boardTitle=테스트데수, boardContent=null, memberId=user02, readCount=2, categoryName=운동, boardCreateDate=2021-02-09 12:21:45.0, boardModifyDate=null, boardStatus=null, boardCode=0, boardName=자유게시판], Board [boardNo=500, boardTitle=500번째 게시글, boardContent=null, memberId=admin, readCount=10, categoryName=운동, boardCreateDate=2021-02-08 10:39:30.0, boardModifyDate=null, boardStatus=null, boardCode=0, boardName=자유게시판], Board [boardNo=499, boardTitle=499번째 게시글, boardContent=null, memberId=admin, readCount=0, categoryName=영화, boardCreateDate=2021-02-08 10:39:30.0, boardModifyDate=null, boardStatus=null, boardCode=0, boardName=자유게시판], Board [boardNo=498, boardTitle=498번째 게시글, boardContent=null, memberId=admin, readCount=0, categoryName=운동, boardCreateDate=2021-02-08 10:39:30.0, boardModifyDate=null, boardStatus=null, boardCode=0, boardName=자유게시판], Board [boardNo=497, boardTitle=497번째 게시글, boardContent=null, memberId=admin, readCount=1, categoryName=기타, boardCreateDate=2021-02-08 10:39:30.0, boardModifyDate=null, boardStatus=null, boardCode=0, boardName=자유게시판], Board [boardNo=496, boardTitle=496번째 게시글, boardContent=null, memberId=admin, readCount=0, categoryName=음악, boardCreateDate=2021-02-08 10:39:30.0, boardModifyDate=null, boardStatus=null, boardCode=0, boardName=자유게시판]]]
21-02-22 14:23:16 [DEBUG] [ip] : 0:0:0:0:0:0:0:1
21-02-22 14:23:16 [DEBUG] [id] : user02
21-02-22 14:23:16 [DEBUG] ------------------- Service 수행 -------------------
21-02-22 14:23:16 [DEBUG] [Return Value] : [Attachment [fileNo=21, filePath=/resources/uploadImages, fileName=210215101552_91355.jpg, fileLevel=0, parentBoardNo=504], Attachment [fileNo=23, filePath=/resources/uploadImages, fileName=210217113048_67738.jpg, fileLevel=0, parentBoardNo=525]]
21-02-22 14:23:16 [DEBUG] [Running Time] : 3ms

21-02-22 14:23:47 [DEBUG] [Start] : BoardServiceImpl - selectBoard()
21-02-22 14:23:47 [DEBUG] [parameter] : [525, 1]
21-02-22 14:23:47 [DEBUG] [ip] : 0:0:0:0:0:0:0:1
21-02-22 14:23:47 [DEBUG] [id] : user02
21-02-22 14:23:47 [DEBUG] ------------------- Service 수행 -------------------
21-02-22 14:23:47 [DEBUG] [Return Value] : Board [boardNo=525, boardTitle=ㄴㅇㅁㄹ, boardContent=ㄴㅁㅇㄹ, memberId=user02, readCount=4, categoryName=운동, boardCreateDate=2021-02-17 11:30:48.0, boardModifyDate=2021-02-17 11:30:48.0, boardStatus=null, boardCode=1, boardName=자유게시판]
21-02-22 14:23:47 [DEBUG] [Running Time] : 2ms

21-02-22 14:23:47 [DEBUG] [Start] : BoardServiceImpl - selectAttachmentList()
21-02-22 14:23:47 [DEBUG] [parameter] : [525]
21-02-22 14:23:47 [DEBUG] [ip] : 0:0:0:0:0:0:0:1
21-02-22 14:23:47 [DEBUG] [id] : user02
21-02-22 14:23:47 [DEBUG] ------------------- Service 수행 -------------------
21-02-22 14:23:47 [DEBUG] [Return Value] : [Attachment [fileNo=23, filePath=/resources/uploadImages, fileName=210217113048_67738.jpg, fileLevel=0, parentBoardNo=525], Attachment [fileNo=24, filePath=/resources/uploadImages, fileName=210217113048_64976.png, fileLevel=1, parentBoardNo=525]]
21-02-22 14:23:47 [DEBUG] [Running Time] : 1ms

21-02-22 14:24:09 [INFO] Root WebApplicationContext: initialization started
21-02-22 14:24:12 [INFO] Root WebApplicationContext initialized in 3276 ms
21-02-22 14:24:13 [INFO] Initializing Servlet 'appServlet'
21-02-22 14:24:17 [INFO] Completed initialization in 4519 ms
21-02-22 14:24:24 [DEBUG] 로그인 화면으로 전환됨(debug)
21-02-22 14:24:24 [INFO] 로그인 화면으로 전환됨(info)
21-02-22 14:24:29 [DEBUG] [Start] : MemberServiceImpl - loginAction()
21-02-22 14:24:29 [DEBUG] [parameter] : [Member [memberNo=0, memberId=user01, memberPwd=123123, memberName=null, memberPhone=null, memberEmail=null, memberAddress=null, memberInterest=null, memberEnrollDate=null, memberStatus=null, memberGrade=null]]
21-02-22 14:24:29 [DEBUG] [ip] : 127.0.0.1
21-02-22 14:24:29 [DEBUG] ------------------- Service 수행 -------------------
21-02-22 14:24:32 [DEBUG] [Return Value] : Member [memberNo=8, memberId=user01, memberPwd=null, memberName=응애왕, memberPhone=010-1234-5678, memberEmail=qw123e@qwde.com, memberAddress=04540,서울특별시 중구 남대문로 120,KH 정보교육원 2층 A강의장 응애다, memberInterest=운동,음악,게임,기타, memberEnrollDate=2021-02-04, memberStatus=Y, memberGrade=G]
21-02-22 14:24:32 [DEBUG] [Running Time] : 2142ms

21-02-22 14:24:40 [DEBUG] [Start] : BoardServiceImpl - getPageInfo()
21-02-22 14:24:40 [DEBUG] [parameter] : [1, 1]
21-02-22 14:24:40 [DEBUG] [ip] : 127.0.0.1
21-02-22 14:24:40 [DEBUG] [id] : user01
21-02-22 14:24:40 [DEBUG] ------------------- Service 수행 -------------------
21-02-22 14:24:40 [DEBUG] [Return Value] : PageInfo [currentPage=1, listCount=505, limit=10, pageSize=10, maxPage=51, startPage=1, endPage=10, boardType=1]
21-02-22 14:24:40 [DEBUG] [Running Time] : 4ms

21-02-22 14:24:40 [DEBUG] [Start] : BoardServiceImpl - selectList()
21-02-22 14:24:40 [DEBUG] [parameter] : [PageInfo [currentPage=1, listCount=505, limit=10, pageSize=10, maxPage=51, startPage=1, endPage=10, boardType=1]]
21-02-22 14:24:40 [DEBUG] [ip] : 127.0.0.1
21-02-22 14:24:40 [DEBUG] [id] : user01
21-02-22 14:24:40 [DEBUG] ------------------- Service 수행 -------------------
21-02-22 14:24:40 [DEBUG] [Return Value] : [Board [boardNo=525, boardTitle=ㄴㅇㅁㄹ, boardContent=null, memberId=user02, readCount=4, categoryName=운동, boardCreateDate=2021-02-17 11:30:48.0, boardModifyDate=null, boardStatus=null, boardCode=0, boardName=자유게시판], Board [boardNo=504, boardTitle=파일 삽입 테스트 테스트, boardContent=null, memberId=user02, readCount=47, categoryName=운동, boardCreateDate=2021-02-09 16:51:30.0, boardModifyDate=null, boardStatus=null, boardCode=0, boardName=자유게시판], Board [boardNo=503, boardTitle=파일 업로드 테스트, boardContent=null, memberId=user02, readCount=1, categoryName=운동, boardCreateDate=2021-02-09 14:46:12.0, boardModifyDate=null, boardStatus=null, boardCode=0, boardName=자유게시판], Board [boardNo=502, boardTitle=개행문자 테스트데쑤, boardContent=null, memberId=user02, readCount=2, categoryName=게임, boardCreateDate=2021-02-09 12:36:41.0, boardModifyDate=null, boardStatus=null, boardCode=0, boardName=자유게시판], Board [boardNo=501, boardTitle=테스트데수, boardContent=null, memberId=user02, readCount=2, categoryName=운동, boardCreateDate=2021-02-09 12:21:45.0, boardModifyDate=null, boardStatus=null, boardCode=0, boardName=자유게시판], Board [boardNo=500, boardTitle=500번째 게시글, boardContent=null, memberId=admin, readCount=10, categoryName=운동, boardCreateDate=2021-02-08 10:39:30.0, boardModifyDate=null, boardStatus=null, boardCode=0, boardName=자유게시판], Board [boardNo=499, boardTitle=499번째 게시글, boardContent=null, memberId=admin, readCount=0, categoryName=영화, boardCreateDate=2021-02-08 10:39:30.0, boardModifyDate=null, boardStatus=null, boardCode=0, boardName=자유게시판], Board [boardNo=498, boardTitle=498번째 게시글, boardContent=null, memberId=admin, readCount=0, categoryName=운동, boardCreateDate=2021-02-08 10:39:30.0, boardModifyDate=null, boardStatus=null, boardCode=0, boardName=자유게시판], Board [boardNo=497, boardTitle=497번째 게시글, boardContent=null, memberId=admin, readCount=1, categoryName=기타, boardCreateDate=2021-02-08 10:39:30.0, boardModifyDate=null, boardStatus=null, boardCode=0, boardName=자유게시판], Board [boardNo=496, boardTitle=496번째 게시글, boardContent=null, memberId=admin, readCount=0, categoryName=음악, boardCreateDate=2021-02-08 10:39:30.0, boardModifyDate=null, boardStatus=null, boardCode=0, boardName=자유게시판]]
21-02-22 14:24:40 [DEBUG] [Running Time] : 4ms

21-02-22 14:24:40 [DEBUG] [Start] : BoardServiceImpl - selectThumbnailList()
21-02-22 14:24:40 [DEBUG] [parameter] : [[Board [boardNo=525, boardTitle=ㄴㅇㅁㄹ, boardContent=null, memberId=user02, readCount=4, categoryName=운동, boardCreateDate=2021-02-17 11:30:48.0, boardModifyDate=null, boardStatus=null, boardCode=0, boardName=자유게시판], Board [boardNo=504, boardTitle=파일 삽입 테스트 테스트, boardContent=null, memberId=user02, readCount=47, categoryName=운동, boardCreateDate=2021-02-09 16:51:30.0, boardModifyDate=null, boardStatus=null, boardCode=0, boardName=자유게시판], Board [boardNo=503, boardTitle=파일 업로드 테스트, boardContent=null, memberId=user02, readCount=1, categoryName=운동, boardCreateDate=2021-02-09 14:46:12.0, boardModifyDate=null, boardStatus=null, boardCode=0, boardName=자유게시판], Board [boardNo=502, boardTitle=개행문자 테스트데쑤, boardContent=null, memberId=user02, readCount=2, categoryName=게임, boardCreateDate=2021-02-09 12:36:41.0, boardModifyDate=null, boardStatus=null, boardCode=0, boardName=자유게시판], Board [boardNo=501, boardTitle=테스트데수, boardContent=null, memberId=user02, readCount=2, categoryName=운동, boardCreateDate=2021-02-09 12:21:45.0, boardModifyDate=null, boardStatus=null, boardCode=0, boardName=자유게시판], Board [boardNo=500, boardTitle=500번째 게시글, boardContent=null, memberId=admin, readCount=10, categoryName=운동, boardCreateDate=2021-02-08 10:39:30.0, boardModifyDate=null, boardStatus=null, boardCode=0, boardName=자유게시판], Board [boardNo=499, boardTitle=499번째 게시글, boardContent=null, memberId=admin, readCount=0, categoryName=영화, boardCreateDate=2021-02-08 10:39:30.0, boardModifyDate=null, boardStatus=null, boardCode=0, boardName=자유게시판], Board [boardNo=498, boardTitle=498번째 게시글, boardContent=null, memberId=admin, readCount=0, categoryName=운동, boardCreateDate=2021-02-08 10:39:30.0, boardModifyDate=null, boardStatus=null, boardCode=0, boardName=자유게시판], Board [boardNo=497, boardTitle=497번째 게시글, boardContent=null, memberId=admin, readCount=1, categoryName=기타, boardCreateDate=2021-02-08 10:39:30.0, boardModifyDate=null, boardStatus=null, boardCode=0, boardName=자유게시판], Board [boardNo=496, boardTitle=496번째 게시글, boardContent=null, memberId=admin, readCount=0, categoryName=음악, boardCreateDate=2021-02-08 10:39:30.0, boardModifyDate=null, boardStatus=null, boardCode=0, boardName=자유게시판]]]
21-02-22 14:24:40 [DEBUG] [ip] : 127.0.0.1
21-02-22 14:24:40 [DEBUG] [id] : user01
21-02-22 14:24:40 [DEBUG] ------------------- Service 수행 -------------------
21-02-22 14:24:40 [DEBUG] [Return Value] : [Attachment [fileNo=21, filePath=/resources/uploadImages, fileName=210215101552_91355.jpg, fileLevel=0, parentBoardNo=504], Attachment [fileNo=23, filePath=/resources/uploadImages, fileName=210217113048_67738.jpg, fileLevel=0, parentBoardNo=525]]
21-02-22 14:24:40 [DEBUG] [Running Time] : 124ms

21-02-22 14:25:00 [DEBUG] [Start] : BoardServiceImpl - selectDBFileList()
21-02-22 14:25:00 [DEBUG] [parameter] : []
21-02-22 14:25:00 [DEBUG] [ip] : Spring Scheduler
21-02-22 14:25:00 [DEBUG] ------------------- Service 수행 -------------------
21-02-22 14:25:00 [DEBUG] [Return Value] : [210215101508_64919.png, 210215101552_91355.jpg, 210209165130_15622.jpg, 210209165130_62086.jpg, 210217101143_40894.png, 210217113048_67738.jpg, 210217113048_64976.png, 210217124843_28023.png, 210217124753_03368.png, 210217124801_34063.jpg, 210217124809_71658.jpg, 210217124818_12788.jpg, 210217124834_54731.jpg, 210217141528_35389.jpg, 210217141526_73325.png, 210218103447_40489.png]
21-02-22 14:25:00 [DEBUG] [Running Time] : 2ms

21-02-22 14:26:00 [DEBUG] [Start] : BoardServiceImpl - selectDBFileList()
21-02-22 14:26:00 [DEBUG] [parameter] : []
21-02-22 14:26:00 [DEBUG] [ip] : Spring Scheduler
21-02-22 14:26:00 [DEBUG] ------------------- Service 수행 -------------------
21-02-22 14:26:00 [DEBUG] [Return Value] : [210215101508_64919.png, 210215101552_91355.jpg, 210209165130_15622.jpg, 210209165130_62086.jpg, 210217101143_40894.png, 210217113048_67738.jpg, 210217113048_64976.png, 210217124843_28023.png, 210217124753_03368.png, 210217124801_34063.jpg, 210217124809_71658.jpg, 210217124818_12788.jpg, 210217124834_54731.jpg, 210217141528_35389.jpg, 210217141526_73325.png, 210218103447_40489.png]
21-02-22 14:26:00 [DEBUG] [Running Time] : 3ms

21-02-22 14:27:00 [DEBUG] [Start] : BoardServiceImpl - selectDBFileList()
21-02-22 14:27:00 [DEBUG] [parameter] : []
21-02-22 14:27:00 [DEBUG] [ip] : Spring Scheduler
21-02-22 14:27:00 [DEBUG] ------------------- Service 수행 -------------------
21-02-22 14:27:00 [DEBUG] [Return Value] : [210215101508_64919.png, 210215101552_91355.jpg, 210209165130_15622.jpg, 210209165130_62086.jpg, 210217101143_40894.png, 210217113048_67738.jpg, 210217113048_64976.png, 210217124843_28023.png, 210217124753_03368.png, 210217124801_34063.jpg, 210217124809_71658.jpg, 210217124818_12788.jpg, 210217124834_54731.jpg, 210217141528_35389.jpg, 210217141526_73325.png, 210218103447_40489.png]
21-02-22 14:27:00 [DEBUG] [Running Time] : 5ms

21-02-22 14:28:00 [DEBUG] [Start] : BoardServiceImpl - selectDBFileList()
21-02-22 14:28:00 [DEBUG] [parameter] : []
21-02-22 14:28:00 [DEBUG] [ip] : Spring Scheduler
21-02-22 14:28:00 [DEBUG] ------------------- Service 수행 -------------------
21-02-22 14:28:00 [DEBUG] [Return Value] : [210215101508_64919.png, 210215101552_91355.jpg, 210209165130_15622.jpg, 210209165130_62086.jpg, 210217101143_40894.png, 210217113048_67738.jpg, 210217113048_64976.png, 210217124843_28023.png, 210217124753_03368.png, 210217124801_34063.jpg, 210217124809_71658.jpg, 210217124818_12788.jpg, 210217124834_54731.jpg, 210217141528_35389.jpg, 210217141526_73325.png, 210218103447_40489.png]
21-02-22 14:28:00 [DEBUG] [Running Time] : 4ms

21-02-22 14:29:00 [DEBUG] [Start] : BoardServiceImpl - selectDBFileList()
21-02-22 14:29:00 [DEBUG] [parameter] : []
21-02-22 14:29:00 [DEBUG] [ip] : Spring Scheduler
21-02-22 14:29:00 [DEBUG] ------------------- Service 수행 -------------------
21-02-22 14:29:00 [DEBUG] [Return Value] : [210215101508_64919.png, 210215101552_91355.jpg, 210209165130_15622.jpg, 210209165130_62086.jpg, 210217101143_40894.png, 210217113048_67738.jpg, 210217113048_64976.png, 210217124843_28023.png, 210217124753_03368.png, 210217124801_34063.jpg, 210217124809_71658.jpg, 210217124818_12788.jpg, 210217124834_54731.jpg, 210217141528_35389.jpg, 210217141526_73325.png, 210218103447_40489.png]
21-02-22 14:29:00 [DEBUG] [Running Time] : 4ms

21-02-22 14:29:34 [DEBUG] [Start] : BoardServiceImpl - selectBoard()
21-02-22 14:29:34 [DEBUG] [parameter] : [498, 1]
21-02-22 14:29:34 [DEBUG] [ip] : 127.0.0.1
21-02-22 14:29:34 [DEBUG] [id] : user01
21-02-22 14:29:34 [DEBUG] ------------------- Service 수행 -------------------
21-02-22 14:29:34 [DEBUG] [Return Value] : Board [boardNo=498, boardTitle=498번째 게시글, boardContent=498번째 게시글 입니다., memberId=admin, readCount=1, categoryName=운동, boardCreateDate=2021-02-08 10:39:30.0, boardModifyDate=2021-02-08 10:39:30.0, boardStatus=null, boardCode=1, boardName=자유게시판]
21-02-22 14:29:34 [DEBUG] [Running Time] : 17ms

21-02-22 14:29:34 [DEBUG] [Start] : BoardServiceImpl - selectAttachmentList()
21-02-22 14:29:34 [DEBUG] [parameter] : [498]
21-02-22 14:29:34 [DEBUG] [ip] : 127.0.0.1
21-02-22 14:29:34 [DEBUG] [id] : user01
21-02-22 14:29:34 [DEBUG] ------------------- Service 수행 -------------------
21-02-22 14:29:34 [DEBUG] [Return Value] : []
21-02-22 14:29:34 [DEBUG] [Running Time] : 1ms

21-02-22 14:29:35 [DEBUG] [Start] : BoardServiceImpl - getPageInfo()
21-02-22 14:29:35 [DEBUG] [parameter] : [1, 1]
21-02-22 14:29:35 [DEBUG] [ip] : 127.0.0.1
21-02-22 14:29:35 [DEBUG] [id] : user01
21-02-22 14:29:35 [DEBUG] ------------------- Service 수행 -------------------
21-02-22 14:29:35 [DEBUG] [Return Value] : PageInfo [currentPage=1, listCount=505, limit=10, pageSize=10, maxPage=51, startPage=1, endPage=10, boardType=1]
21-02-22 14:29:35 [DEBUG] [Running Time] : 2ms

21-02-22 14:29:35 [DEBUG] [Start] : BoardServiceImpl - selectList()
21-02-22 14:29:35 [DEBUG] [parameter] : [PageInfo [currentPage=1, listCount=505, limit=10, pageSize=10, maxPage=51, startPage=1, endPage=10, boardType=1]]
21-02-22 14:29:35 [DEBUG] [ip] : 127.0.0.1
21-02-22 14:29:35 [DEBUG] [id] : user01
21-02-22 14:29:35 [DEBUG] ------------------- Service 수행 -------------------
21-02-22 14:29:35 [DEBUG] [Return Value] : [Board [boardNo=525, boardTitle=ㄴㅇㅁㄹ, boardContent=null, memberId=user02, readCount=4, categoryName=운동, boardCreateDate=2021-02-17 11:30:48.0, boardModifyDate=null, boardStatus=null, boardCode=0, boardName=자유게시판], Board [boardNo=504, boardTitle=파일 삽입 테스트 테스트, boardContent=null, memberId=user02, readCount=47, categoryName=운동, boardCreateDate=2021-02-09 16:51:30.0, boardModifyDate=null, boardStatus=null, boardCode=0, boardName=자유게시판], Board [boardNo=503, boardTitle=파일 업로드 테스트, boardContent=null, memberId=user02, readCount=1, categoryName=운동, boardCreateDate=2021-02-09 14:46:12.0, boardModifyDate=null, boardStatus=null, boardCode=0, boardName=자유게시판], Board [boardNo=502, boardTitle=개행문자 테스트데쑤, boardContent=null, memberId=user02, readCount=2, categoryName=게임, boardCreateDate=2021-02-09 12:36:41.0, boardModifyDate=null, boardStatus=null, boardCode=0, boardName=자유게시판], Board [boardNo=501, boardTitle=테스트데수, boardContent=null, memberId=user02, readCount=2, categoryName=운동, boardCreateDate=2021-02-09 12:21:45.0, boardModifyDate=null, boardStatus=null, boardCode=0, boardName=자유게시판], Board [boardNo=500, boardTitle=500번째 게시글, boardContent=null, memberId=admin, readCount=10, categoryName=운동, boardCreateDate=2021-02-08 10:39:30.0, boardModifyDate=null, boardStatus=null, boardCode=0, boardName=자유게시판], Board [boardNo=499, boardTitle=499번째 게시글, boardContent=null, memberId=admin, readCount=0, categoryName=영화, boardCreateDate=2021-02-08 10:39:30.0, boardModifyDate=null, boardStatus=null, boardCode=0, boardName=자유게시판], Board [boardNo=498, boardTitle=498번째 게시글, boardContent=null, memberId=admin, readCount=1, categoryName=운동, boardCreateDate=2021-02-08 10:39:30.0, boardModifyDate=null, boardStatus=null, boardCode=0, boardName=자유게시판], Board [boardNo=497, boardTitle=497번째 게시글, boardContent=null, memberId=admin, readCount=1, categoryName=기타, boardCreateDate=2021-02-08 10:39:30.0, boardModifyDate=null, boardStatus=null, boardCode=0, boardName=자유게시판], Board [boardNo=496, boardTitle=496번째 게시글, boardContent=null, memberId=admin, readCount=0, categoryName=음악, boardCreateDate=2021-02-08 10:39:30.0, boardModifyDate=null, boardStatus=null, boardCode=0, boardName=자유게시판]]
21-02-22 14:29:35 [DEBUG] [Running Time] : 5ms

21-02-22 14:29:35 [DEBUG] [Start] : BoardServiceImpl - selectThumbnailList()
21-02-22 14:29:35 [DEBUG] [parameter] : [[Board [boardNo=525, boardTitle=ㄴㅇㅁㄹ, boardContent=null, memberId=user02, readCount=4, categoryName=운동, boardCreateDate=2021-02-17 11:30:48.0, boardModifyDate=null, boardStatus=null, boardCode=0, boardName=자유게시판], Board [boardNo=504, boardTitle=파일 삽입 테스트 테스트, boardContent=null, memberId=user02, readCount=47, categoryName=운동, boardCreateDate=2021-02-09 16:51:30.0, boardModifyDate=null, boardStatus=null, boardCode=0, boardName=자유게시판], Board [boardNo=503, boardTitle=파일 업로드 테스트, boardContent=null, memberId=user02, readCount=1, categoryName=운동, boardCreateDate=2021-02-09 14:46:12.0, boardModifyDate=null, boardStatus=null, boardCode=0, boardName=자유게시판], Board [boardNo=502, boardTitle=개행문자 테스트데쑤, boardContent=null, memberId=user02, readCount=2, categoryName=게임, boardCreateDate=2021-02-09 12:36:41.0, boardModifyDate=null, boardStatus=null, boardCode=0, boardName=자유게시판], Board [boardNo=501, boardTitle=테스트데수, boardContent=null, memberId=user02, readCount=2, categoryName=운동, boardCreateDate=2021-02-09 12:21:45.0, boardModifyDate=null, boardStatus=null, boardCode=0, boardName=자유게시판], Board [boardNo=500, boardTitle=500번째 게시글, boardContent=null, memberId=admin, readCount=10, categoryName=운동, boardCreateDate=2021-02-08 10:39:30.0, boardModifyDate=null, boardStatus=null, boardCode=0, boardName=자유게시판], Board [boardNo=499, boardTitle=499번째 게시글, boardContent=null, memberId=admin, readCount=0, categoryName=영화, boardCreateDate=2021-02-08 10:39:30.0, boardModifyDate=null, boardStatus=null, boardCode=0, boardName=자유게시판], Board [boardNo=498, boardTitle=498번째 게시글, boardContent=null, memberId=admin, readCount=1, categoryName=운동, boardCreateDate=2021-02-08 10:39:30.0, boardModifyDate=null, boardStatus=null, boardCode=0, boardName=자유게시판], Board [boardNo=497, boardTitle=497번째 게시글, boardContent=null, memberId=admin, readCount=1, categoryName=기타, boardCreateDate=2021-02-08 10:39:30.0, boardModifyDate=null, boardStatus=null, boardCode=0, boardName=자유게시판], Board [boardNo=496, boardTitle=496번째 게시글, boardContent=null, memberId=admin, readCount=0, categoryName=음악, boardCreateDate=2021-02-08 10:39:30.0, boardModifyDate=null, boardStatus=null, boardCode=0, boardName=자유게시판]]]
21-02-22 14:29:35 [DEBUG] [ip] : 127.0.0.1
21-02-22 14:29:35 [DEBUG] [id] : user01
21-02-22 14:29:35 [DEBUG] ------------------- Service 수행 -------------------
21-02-22 14:29:35 [DEBUG] [Return Value] : [Attachment [fileNo=21, filePath=/resources/uploadImages, fileName=210215101552_91355.jpg, fileLevel=0, parentBoardNo=504], Attachment [fileNo=23, filePath=/resources/uploadImages, fileName=210217113048_67738.jpg, fileLevel=0, parentBoardNo=525]]
21-02-22 14:29:35 [DEBUG] [Running Time] : 2ms

21-02-22 14:30:00 [DEBUG] [Start] : BoardServiceImpl - selectDBFileList()
21-02-22 14:30:00 [DEBUG] [parameter] : []
21-02-22 14:30:00 [DEBUG] [ip] : Spring Scheduler
21-02-22 14:30:00 [DEBUG] ------------------- Service 수행 -------------------
21-02-22 14:30:00 [DEBUG] [Return Value] : [210215101508_64919.png, 210215101552_91355.jpg, 210209165130_15622.jpg, 210209165130_62086.jpg, 210217101143_40894.png, 210217113048_67738.jpg, 210217113048_64976.png, 210217124843_28023.png, 210217124753_03368.png, 210217124801_34063.jpg, 210217124809_71658.jpg, 210217124818_12788.jpg, 210217124834_54731.jpg, 210217141528_35389.jpg, 210217141526_73325.png, 210218103447_40489.png]
21-02-22 14:30:00 [DEBUG] [Running Time] : 7ms

21-02-22 14:31:00 [DEBUG] [Start] : BoardServiceImpl - selectDBFileList()
21-02-22 14:31:00 [DEBUG] [parameter] : []
21-02-22 14:31:00 [DEBUG] [ip] : Spring Scheduler
21-02-22 14:31:00 [DEBUG] ------------------- Service 수행 -------------------
21-02-22 14:31:00 [DEBUG] [Return Value] : [210215101508_64919.png, 210215101552_91355.jpg, 210209165130_15622.jpg, 210209165130_62086.jpg, 210217101143_40894.png, 210217113048_67738.jpg, 210217113048_64976.png, 210217124843_28023.png, 210217124753_03368.png, 210217124801_34063.jpg, 210217124809_71658.jpg, 210217124818_12788.jpg, 210217124834_54731.jpg, 210217141528_35389.jpg, 210217141526_73325.png, 210218103447_40489.png]
21-02-22 14:31:00 [DEBUG] [Running Time] : 3ms

21-02-22 14:32:00 [DEBUG] [Start] : BoardServiceImpl - selectDBFileList()
21-02-22 14:32:00 [DEBUG] [parameter] : []
21-02-22 14:32:00 [DEBUG] [ip] : Spring Scheduler
21-02-22 14:32:00 [DEBUG] ------------------- Service 수행 -------------------
21-02-22 14:32:00 [DEBUG] [Return Value] : [210215101508_64919.png, 210215101552_91355.jpg, 210209165130_15622.jpg, 210209165130_62086.jpg, 210217101143_40894.png, 210217113048_67738.jpg, 210217113048_64976.png, 210217124843_28023.png, 210217124753_03368.png, 210217124801_34063.jpg, 210217124809_71658.jpg, 210217124818_12788.jpg, 210217124834_54731.jpg, 210217141528_35389.jpg, 210217141526_73325.png, 210218103447_40489.png]
21-02-22 14:32:00 [DEBUG] [Running Time] : 3ms

21-02-22 14:33:00 [DEBUG] [Start] : BoardServiceImpl - selectDBFileList()
21-02-22 14:33:00 [DEBUG] [parameter] : []
21-02-22 14:33:00 [DEBUG] [ip] : Spring Scheduler
21-02-22 14:33:00 [DEBUG] ------------------- Service 수행 -------------------
21-02-22 14:33:00 [DEBUG] [Return Value] : [210215101508_64919.png, 210215101552_91355.jpg, 210209165130_15622.jpg, 210209165130_62086.jpg, 210217101143_40894.png, 210217113048_67738.jpg, 210217113048_64976.png, 210217124843_28023.png, 210217124753_03368.png, 210217124801_34063.jpg, 210217124809_71658.jpg, 210217124818_12788.jpg, 210217124834_54731.jpg, 210217141528_35389.jpg, 210217141526_73325.png, 210218103447_40489.png]
21-02-22 14:33:00 [DEBUG] [Running Time] : 2ms

21-02-22 14:34:00 [DEBUG] [Start] : BoardServiceImpl - selectDBFileList()
21-02-22 14:34:00 [DEBUG] [parameter] : []
21-02-22 14:34:00 [DEBUG] [ip] : Spring Scheduler
21-02-22 14:34:00 [DEBUG] ------------------- Service 수행 -------------------
21-02-22 14:34:00 [DEBUG] [Return Value] : [210215101508_64919.png, 210215101552_91355.jpg, 210209165130_15622.jpg, 210209165130_62086.jpg, 210217101143_40894.png, 210217113048_67738.jpg, 210217113048_64976.png, 210217124843_28023.png, 210217124753_03368.png, 210217124801_34063.jpg, 210217124809_71658.jpg, 210217124818_12788.jpg, 210217124834_54731.jpg, 210217141528_35389.jpg, 210217141526_73325.png, 210218103447_40489.png]
21-02-22 14:34:00 [DEBUG] [Running Time] : 2ms

